/*C176*/SET SCHEMA PUBLIC
CONNECT USER SA
DELETE FROM PROPERTY WHERE ID=51
DELETE FROM PROPERTY WHERE ID=52
DELETE FROM PROPERTY WHERE ID=53
DELETE FROM PROPERTY WHERE ID=54
DISCONNECT
/*C177*/SET SCHEMA PUBLIC
CONNECT USER SA
INSERT INTO PROPERTY VALUES(51,'\u54c1\u724c')
DISCONNECT
/*C178*/SET SCHEMA PUBLIC
CONNECT USER SA
INSERT INTO PROPERTY VALUES(52,'\u989c\u8272')
DISCONNECT
/*C179*/SET SCHEMA PUBLIC
CONNECT USER SA
INSERT INTO PROPERTY VALUES(53,'\u5c3a\u5bf8')
DISCONNECT
/*C180*/SET SCHEMA PUBLIC
CONNECT USER SA
INSERT INTO PROPERTY VALUES(54,'\u4ea7\u5730')
DISCONNECT
/*C181*/SET SCHEMA PUBLIC
CONNECT USER SA
DELETE FROM VALUE WHERE ID=11134
DELETE FROM VALUE WHERE ID=11135
DELETE FROM VALUE WHERE ID=11136
DELETE FROM VALUE WHERE ID=11137
DELETE FROM VALUE WHERE ID=11138
DELETE FROM VALUE WHERE ID=11139
DELETE FROM VALUE WHERE ID=11140
DELETE FROM VALUE WHERE ID=11141
DELETE FROM VALUE WHERE ID=11142
DELETE FROM VALUE WHERE ID=11143
DELETE FROM VALUE WHERE ID=11144
DELETE FROM VALUE WHERE ID=11145
DISCONNECT
/*C182*/SET SCHEMA PUBLIC
CONNECT USER SA
INSERT INTO VALUE VALUES(11134,'\u5c1a\u5c3c')
DISCONNECT
/*C183*/SET SCHEMA PUBLIC
CONNECT USER SA
INSERT INTO VALUE VALUES(11135,'\u6234\u5fb7')
DISCONNECT
/*C184*/SET SCHEMA PUBLIC
CONNECT USER SA
INSERT INTO VALUE VALUES(11136,'\u7f8e\u7684')
DISCONNECT
/*C185*/SET SCHEMA PUBLIC
CONNECT USER SA
INSERT INTO VALUE VALUES(11137,'\u7eff\u8272')
DISCONNECT
/*C186*/SET SCHEMA PUBLIC
CONNECT USER SA
INSERT INTO VALUE VALUES(11138,'\u84dd\u8272')
DISCONNECT
/*C187*/SET SCHEMA PUBLIC
CONNECT USER SA
INSERT INTO VALUE VALUES(11139,'\u9ec4\u8272')
DISCONNECT
/*C188*/SET SCHEMA PUBLIC
CONNECT USER SA
INSERT INTO VALUE VALUES(11140,'18')
DISCONNECT
/*C189*/SET SCHEMA PUBLIC
CONNECT USER SA
INSERT INTO VALUE VALUES(11141,'15')
DISCONNECT
/*C190*/SET SCHEMA PUBLIC
CONNECT USER SA
INSERT INTO VALUE VALUES(11142,'12')
DISCONNECT
/*C191*/SET SCHEMA PUBLIC
CONNECT USER SA
INSERT INTO VALUE VALUES(11143,'\u65e5\u672c')
DISCONNECT
/*C192*/SET SCHEMA PUBLIC
CONNECT USER SA
INSERT INTO VALUE VALUES(11144,'\u5fb7\u56fd')
DISCONNECT
/*C193*/SET SCHEMA PUBLIC
CONNECT USER SA
INSERT INTO VALUE VALUES(11145,'\u4e2d\u56fd')
DISCONNECT
/*C194*/SET SCHEMA PUBLIC
CONNECT USER SA
SET AUTOCOMMIT FALSE
DELETE FROM PRODUCTCATEGORY WHERE ID=414
DELETE FROM PRODUCTCATEGORY WHERE ID=415
COMMIT
SET AUTOCOMMIT TRUE
DISCONNECT
/*C195*/SET SCHEMA PUBLIC
CONNECT USER SA
SET AUTOCOMMIT FALSE
INSERT INTO PRODUCTCATEGORY VALUES(414,'\u6d4b\u8bd5','',-1)
COMMIT
SET AUTOCOMMIT TRUE
DISCONNECT
/*C196*/SET SCHEMA PUBLIC
CONNECT USER SA
SET AUTOCOMMIT FALSE
INSERT INTO PRODUCTCATEGORY VALUES(415,'\u4e8c\u7ea7\u6d4b\u8bd5','',414)
COMMIT
SET AUTOCOMMIT TRUE
DISCONNECT
/*C197*/SET SCHEMA PUBLIC
CONNECT USER SA
DELETE FROM CATEGORYPROPERTY WHERE ID=23772
DELETE FROM CATEGORYPROPERTY WHERE ID=23774
DELETE FROM CATEGORYPROPERTY WHERE ID=23775
DELETE FROM CATEGORYPROPERTY WHERE ID=23776
DELETE FROM CATEGORYPROPERTY WHERE ID=23781
DELETE FROM CATEGORYPROPERTY WHERE ID=23782
DELETE FROM CATEGORYPROPERTY WHERE ID=23783
DELETE FROM CATEGORYPROPERTY WHERE ID=23784
DISCONNECT
/*C198*/SET SCHEMA PUBLIC
CONNECT USER SA
DISCONNECT
/*C199*/SET SCHEMA PUBLIC
CONNECT USER SA
INSERT INTO CATEGORYPROPERTY VALUES(23772,'KEY_PROPERTY',414,51,0,0,0)
DISCONNECT
/*C200*/SET SCHEMA PUBLIC
CONNECT USER SA
DISCONNECT
/*C201*/SET SCHEMA PUBLIC
CONNECT USER SA
INSERT INTO CATEGORYPROPERTY VALUES(23774,'SELL_PROPERTY',414,52,1,1,0)
DISCONNECT
/*C202*/SET SCHEMA PUBLIC
CONNECT USER SA
DISCONNECT
/*C203*/SET SCHEMA PUBLIC
CONNECT USER SA
INSERT INTO CATEGORYPROPERTY VALUES(23775,'SELL_PROPERTY',414,53,1,1,0)
DISCONNECT
/*C204*/SET SCHEMA PUBLIC
CONNECT USER SA
DISCONNECT
/*C205*/SET SCHEMA PUBLIC
CONNECT USER SA
INSERT INTO CATEGORYPROPERTY VALUES(23776,'KEY_PROPERTY',414,54,0,0,0)
DISCONNECT
/*C206*/SET SCHEMA PUBLIC
CONNECT USER SA
DISCONNECT
/*C207*/SET SCHEMA PUBLIC
CONNECT USER SA
INSERT INTO CATEGORYPROPERTY VALUES(23781,'KEY_PROPERTY',415,51,0,0,0)
DISCONNECT
/*C208*/SET SCHEMA PUBLIC
CONNECT USER SA
DISCONNECT
/*C209*/SET SCHEMA PUBLIC
CONNECT USER SA
INSERT INTO CATEGORYPROPERTY VALUES(23782,'SELL_PROPERTY',415,52,1,1,0)
DISCONNECT
/*C210*/SET SCHEMA PUBLIC
CONNECT USER SA
DISCONNECT
/*C211*/SET SCHEMA PUBLIC
CONNECT USER SA
INSERT INTO CATEGORYPROPERTY VALUES(23783,'SELL_PROPERTY',415,53,1,1,0)
DISCONNECT
/*C212*/SET SCHEMA PUBLIC
CONNECT USER SA
DISCONNECT
/*C213*/SET SCHEMA PUBLIC
CONNECT USER SA
INSERT INTO CATEGORYPROPERTY VALUES(23784,'KEY_PROPERTY',415,54,0,0,0)
DISCONNECT
/*C214*/SET SCHEMA PUBLIC
CONNECT USER SA
DELETE FROM CATEGORYPROPERTYVALUE WHERE ID=165753
DELETE FROM CATEGORYPROPERTYVALUE WHERE ID=165754
DELETE FROM CATEGORYPROPERTYVALUE WHERE ID=165755
DELETE FROM CATEGORYPROPERTYVALUE WHERE ID=165756
DELETE FROM CATEGORYPROPERTYVALUE WHERE ID=165757
DELETE FROM CATEGORYPROPERTYVALUE WHERE ID=165758
DELETE FROM CATEGORYPROPERTYVALUE WHERE ID=165759
DELETE FROM CATEGORYPROPERTYVALUE WHERE ID=165760
DELETE FROM CATEGORYPROPERTYVALUE WHERE ID=165761
DELETE FROM CATEGORYPROPERTYVALUE WHERE ID=165762
DELETE FROM CATEGORYPROPERTYVALUE WHERE ID=165763
DELETE FROM CATEGORYPROPERTYVALUE WHERE ID=165764
DELETE FROM CATEGORYPROPERTYVALUE WHERE ID=165777
DELETE FROM CATEGORYPROPERTYVALUE WHERE ID=165778
DELETE FROM CATEGORYPROPERTYVALUE WHERE ID=165779
DELETE FROM CATEGORYPROPERTYVALUE WHERE ID=165780
DELETE FROM CATEGORYPROPERTYVALUE WHERE ID=165781
DELETE FROM CATEGORYPROPERTYVALUE WHERE ID=165782
DELETE FROM CATEGORYPROPERTYVALUE WHERE ID=165783
DELETE FROM CATEGORYPROPERTYVALUE WHERE ID=165784
DELETE FROM CATEGORYPROPERTYVALUE WHERE ID=165785
DELETE FROM CATEGORYPROPERTYVALUE WHERE ID=165786
DELETE FROM CATEGORYPROPERTYVALUE WHERE ID=165787
DELETE FROM CATEGORYPROPERTYVALUE WHERE ID=165788
DISCONNECT
/*C215*/SET SCHEMA PUBLIC
CONNECT USER SA
DISCONNECT
/*C216*/SET SCHEMA PUBLIC
CONNECT USER SA
INSERT INTO CATEGORYPROPERTYVALUE VALUES(165753,414,51,0,11134)
DISCONNECT
/*C217*/SET SCHEMA PUBLIC
CONNECT USER SA
DISCONNECT
/*C218*/SET SCHEMA PUBLIC
CONNECT USER SA
INSERT INTO CATEGORYPROPERTYVALUE VALUES(165778,415,51,0,11135)
DISCONNECT
/*C219*/SET SCHEMA PUBLIC
CONNECT USER SA
DISCONNECT
/*C220*/SET SCHEMA PUBLIC
CONNECT USER SA
INSERT INTO CATEGORYPROPERTYVALUE VALUES(165779,415,51,0,11136)
DISCONNECT
/*C221*/SET SCHEMA PUBLIC
CONNECT USER SA
DISCONNECT
/*C222*/SET SCHEMA PUBLIC
CONNECT USER SA
INSERT INTO CATEGORYPROPERTYVALUE VALUES(165780,415,52,0,11137)
DISCONNECT
/*C223*/SET SCHEMA PUBLIC
CONNECT USER SA
DISCONNECT
/*C224*/SET SCHEMA PUBLIC
CONNECT USER SA
INSERT INTO CATEGORYPROPERTYVALUE VALUES(165781,415,52,0,11138)
DISCONNECT
/*C225*/SET SCHEMA PUBLIC
CONNECT USER SA
DISCONNECT
/*C226*/SET SCHEMA PUBLIC
CONNECT USER SA
INSERT INTO CATEGORYPROPERTYVALUE VALUES(165782,415,52,0,11139)
DISCONNECT
/*C227*/SET SCHEMA PUBLIC
CONNECT USER SA
DISCONNECT
/*C228*/SET SCHEMA PUBLIC
CONNECT USER SA
INSERT INTO CATEGORYPROPERTYVALUE VALUES(165783,415,53,0,11140)
DISCONNECT
/*C229*/SET SCHEMA PUBLIC
CONNECT USER SA
DISCONNECT
/*C230*/SET SCHEMA PUBLIC
CONNECT USER SA
INSERT INTO CATEGORYPROPERTYVALUE VALUES(165784,415,53,0,11141)
DISCONNECT
/*C231*/SET SCHEMA PUBLIC
CONNECT USER SA
DISCONNECT
/*C232*/SET SCHEMA PUBLIC
CONNECT USER SA
INSERT INTO CATEGORYPROPERTYVALUE VALUES(165785,415,53,0,11142)
DISCONNECT
/*C233*/SET SCHEMA PUBLIC
CONNECT USER SA
DISCONNECT
/*C234*/SET SCHEMA PUBLIC
CONNECT USER SA
INSERT INTO CATEGORYPROPERTYVALUE VALUES(165786,415,54,0,11143)
DISCONNECT
/*C235*/SET SCHEMA PUBLIC
CONNECT USER SA
DISCONNECT
/*C236*/SET SCHEMA PUBLIC
CONNECT USER SA
INSERT INTO CATEGORYPROPERTYVALUE VALUES(165787,415,54,0,11144)
DISCONNECT
/*C237*/SET SCHEMA PUBLIC
CONNECT USER SA
DISCONNECT
/*C238*/SET SCHEMA PUBLIC
CONNECT USER SA
INSERT INTO CATEGORYPROPERTYVALUE VALUES(165777,415,51,0,11134)
DISCONNECT
/*C239*/SET SCHEMA PUBLIC
CONNECT USER SA
DISCONNECT
/*C240*/SET SCHEMA PUBLIC
CONNECT USER SA
INSERT INTO CATEGORYPROPERTYVALUE VALUES(165764,414,54,0,11145)
DISCONNECT
/*C241*/SET SCHEMA PUBLIC
CONNECT USER SA
DISCONNECT
/*C242*/SET SCHEMA PUBLIC
CONNECT USER SA
INSERT INTO CATEGORYPROPERTYVALUE VALUES(165754,414,51,0,11135)
DISCONNECT
/*C243*/SET SCHEMA PUBLIC
CONNECT USER SA
DISCONNECT
/*C244*/SET SCHEMA PUBLIC
CONNECT USER SA
INSERT INTO CATEGORYPROPERTYVALUE VALUES(165755,414,51,0,11136)
DISCONNECT
/*C245*/SET SCHEMA PUBLIC
CONNECT USER SA
DISCONNECT
/*C246*/SET SCHEMA PUBLIC
CONNECT USER SA
INSERT INTO CATEGORYPROPERTYVALUE VALUES(165756,414,52,0,11137)
DISCONNECT
/*C247*/SET SCHEMA PUBLIC
CONNECT USER SA
DISCONNECT
/*C248*/SET SCHEMA PUBLIC
CONNECT USER SA
INSERT INTO CATEGORYPROPERTYVALUE VALUES(165757,414,52,0,11138)
DISCONNECT
/*C249*/SET SCHEMA PUBLIC
CONNECT USER SA
DISCONNECT
/*C250*/SET SCHEMA PUBLIC
CONNECT USER SA
INSERT INTO CATEGORYPROPERTYVALUE VALUES(165758,414,52,0,11139)
DISCONNECT
/*C251*/SET SCHEMA PUBLIC
CONNECT USER SA
DISCONNECT
/*C252*/SET SCHEMA PUBLIC
CONNECT USER SA
INSERT INTO CATEGORYPROPERTYVALUE VALUES(165759,414,53,0,11140)
DISCONNECT
/*C253*/SET SCHEMA PUBLIC
CONNECT USER SA
DISCONNECT
/*C254*/SET SCHEMA PUBLIC
CONNECT USER SA
INSERT INTO CATEGORYPROPERTYVALUE VALUES(165760,414,53,0,11141)
DISCONNECT
/*C255*/SET SCHEMA PUBLIC
CONNECT USER SA
DISCONNECT
/*C256*/SET SCHEMA PUBLIC
CONNECT USER SA
INSERT INTO CATEGORYPROPERTYVALUE VALUES(165761,414,53,0,11142)
DISCONNECT
/*C257*/SET SCHEMA PUBLIC
CONNECT USER SA
DISCONNECT
/*C258*/SET SCHEMA PUBLIC
CONNECT USER SA
INSERT INTO CATEGORYPROPERTYVALUE VALUES(165762,414,54,0,11143)
DISCONNECT
/*C259*/SET SCHEMA PUBLIC
CONNECT USER SA
DISCONNECT
/*C260*/SET SCHEMA PUBLIC
CONNECT USER SA
INSERT INTO CATEGORYPROPERTYVALUE VALUES(165763,414,54,0,11144)
DISCONNECT
/*C261*/SET SCHEMA PUBLIC
CONNECT USER SA
DISCONNECT
/*C262*/SET SCHEMA PUBLIC
CONNECT USER SA
INSERT INTO CATEGORYPROPERTYVALUE VALUES(165788,415,54,0,11145)
DISCONNECT
/*C263*/SET SCHEMA PUBLIC
CONNECT USER SA
DISCONNECT
/*C264*/SET SCHEMA PUBLIC
CONNECT USER SA
SET AUTOCOMMIT FALSE
DELETE FROM NAVIGATECATEGORY WHERE ID=243
DELETE FROM NAVIGATECATEGORY WHERE ID=244
COMMIT
SET AUTOCOMMIT TRUE
DISCONNECT
/*C265*/SET SCHEMA PUBLIC
CONNECT USER SA
SET AUTOCOMMIT FALSE
INSERT INTO NAVIGATECATEGORY VALUES(243,'\u6d4b\u8bd5','','','',NULL,0,-1)
COMMIT
SET AUTOCOMMIT TRUE
DISCONNECT
/*C266*/SET SCHEMA PUBLIC
CONNECT USER SA
SET AUTOCOMMIT FALSE
INSERT INTO NAVIGATECATEGORY VALUES(244,'\u4e8c\u7ea7\u6d4b\u8bd5','','','','{"navId":244,"mainProduct":0,"mainImg":null,"mainImgLink":null,"minorProduct":null,"hot":false}',0,243)
COMMIT
SET AUTOCOMMIT TRUE
DISCONNECT
/*C267*/SET SCHEMA PUBLIC
CONNECT USER SA
DELETE FROM CATEGORYASSOCIATION WHERE NAVID=244 AND CID=415
DELETE FROM CATEGORYASSOCIATION WHERE NAVID=243 AND CID=414
DISCONNECT
/*C268*/SET SCHEMA PUBLIC
CONNECT USER SA
DISCONNECT
/*C269*/SET SCHEMA PUBLIC
CONNECT USER SA
DELETE FROM NAVCATEGORYPROPERTY WHERE ID=7674
DELETE FROM NAVCATEGORYPROPERTY WHERE ID=7675
DELETE FROM NAVCATEGORYPROPERTY WHERE ID=7676
DISCONNECT
/*C270*/SET SCHEMA PUBLIC
CONNECT USER SA
DELETE FROM NAVCATEGORYPROPERTYVALUE WHERE ID=37073
DELETE FROM NAVCATEGORYPROPERTYVALUE WHERE ID=37074
DELETE FROM NAVCATEGORYPROPERTYVALUE WHERE ID=37075
DELETE FROM NAVCATEGORYPROPERTYVALUE WHERE ID=37076
DELETE FROM NAVCATEGORYPROPERTYVALUE WHERE ID=37077
DELETE FROM NAVCATEGORYPROPERTYVALUE WHERE ID=37078
DISCONNECT
/*C271*/SET SCHEMA PUBLIC
CONNECT USER SA
INSERT INTO CATEGORYASSOCIATION VALUES(244,415)
DISCONNECT
/*C272*/SET SCHEMA PUBLIC
CONNECT USER SA
DISCONNECT
/*C273*/SET SCHEMA PUBLIC
CONNECT USER SA
DELETE FROM NAVCATEGORYPROPERTY WHERE ID=7677
DELETE FROM NAVCATEGORYPROPERTY WHERE ID=7678
DELETE FROM NAVCATEGORYPROPERTY WHERE ID=7679
DELETE FROM NAVCATEGORYPROPERTY WHERE ID=7680
DISCONNECT
/*C274*/SET SCHEMA PUBLIC
CONNECT USER SA
DELETE FROM NAVCATEGORYPROPERTYVALUE WHERE ID=37082
DELETE FROM NAVCATEGORYPROPERTYVALUE WHERE ID=37083
DELETE FROM NAVCATEGORYPROPERTYVALUE WHERE ID=37084
DELETE FROM NAVCATEGORYPROPERTYVALUE WHERE ID=37085
DELETE FROM NAVCATEGORYPROPERTYVALUE WHERE ID=37086
DELETE FROM NAVCATEGORYPROPERTYVALUE WHERE ID=37087
DELETE FROM NAVCATEGORYPROPERTYVALUE WHERE ID=37088
DELETE FROM NAVCATEGORYPROPERTYVALUE WHERE ID=37089
DELETE FROM NAVCATEGORYPROPERTYVALUE WHERE ID=37090
DELETE FROM NAVCATEGORYPROPERTYVALUE WHERE ID=37091
DELETE FROM NAVCATEGORYPROPERTYVALUE WHERE ID=37092
DISCONNECT
/*C275*/SET SCHEMA PUBLIC
CONNECT USER SA
INSERT INTO CATEGORYASSOCIATION VALUES(243,414)
DISCONNECT
/*C276*/SET SCHEMA PUBLIC
CONNECT USER SA
SET AUTOCOMMIT FALSE
SET AUTOCOMMIT TRUE
DISCONNECT
/*C277*/SET SCHEMA PUBLIC
CONNECT USER SA
SET AUTOCOMMIT FALSE
INSERT INTO NAVCATEGORYPROPERTY VALUES(7674,244,51,0,1)
COMMIT
SET AUTOCOMMIT TRUE
DISCONNECT
/*C278*/SET SCHEMA PUBLIC
CONNECT USER SA
SET AUTOCOMMIT FALSE
INSERT INTO NAVCATEGORYPROPERTY VALUES(7675,244,53,0,1)
COMMIT
SET AUTOCOMMIT TRUE
DISCONNECT
/*C279*/SET SCHEMA PUBLIC
CONNECT USER SA
SET AUTOCOMMIT FALSE
INSERT INTO NAVCATEGORYPROPERTY VALUES(7676,244,52,0,1)
COMMIT
SET AUTOCOMMIT TRUE
DISCONNECT
/*C280*/SET SCHEMA PUBLIC
CONNECT USER SA
SET AUTOCOMMIT FALSE
INSERT INTO NAVCATEGORYPROPERTY VALUES(7677,243,51,0,0)
COMMIT
SET AUTOCOMMIT TRUE
DISCONNECT
/*C281*/SET SCHEMA PUBLIC
CONNECT USER SA
SET AUTOCOMMIT FALSE
INSERT INTO NAVCATEGORYPROPERTY VALUES(7678,243,53,0,1)
COMMIT
SET AUTOCOMMIT TRUE
DISCONNECT
/*C282*/SET SCHEMA PUBLIC
CONNECT USER SA
SET AUTOCOMMIT FALSE
INSERT INTO NAVCATEGORYPROPERTY VALUES(7679,243,54,0,1)
COMMIT
SET AUTOCOMMIT TRUE
DISCONNECT
/*C283*/SET SCHEMA PUBLIC
CONNECT USER SA
SET AUTOCOMMIT FALSE
INSERT INTO NAVCATEGORYPROPERTY VALUES(7680,243,52,0,1)
COMMIT
SET AUTOCOMMIT TRUE
DISCONNECT
/*C284*/SET SCHEMA PUBLIC
CONNECT USER SA
SET AUTOCOMMIT FALSE
SET AUTOCOMMIT TRUE
DISCONNECT
/*C285*/SET SCHEMA PUBLIC
CONNECT USER SA
INSERT INTO NAVCATEGORYPROPERTYVALUE VALUES(37073,244,51,0,11135)
DISCONNECT
/*C286*/SET SCHEMA PUBLIC
CONNECT USER SA
INSERT INTO NAVCATEGORYPROPERTYVALUE VALUES(37085,243,53,0,11140)
DISCONNECT
/*C287*/SET SCHEMA PUBLIC
CONNECT USER SA
INSERT INTO NAVCATEGORYPROPERTYVALUE VALUES(37086,243,53,0,11142)
DISCONNECT
/*C288*/SET SCHEMA PUBLIC
CONNECT USER SA
INSERT INTO NAVCATEGORYPROPERTYVALUE VALUES(37087,243,53,0,11141)
DISCONNECT
/*C289*/SET SCHEMA PUBLIC
CONNECT USER SA
INSERT INTO NAVCATEGORYPROPERTYVALUE VALUES(37088,243,54,0,11145)
DISCONNECT
/*C290*/SET SCHEMA PUBLIC
CONNECT USER SA
INSERT INTO NAVCATEGORYPROPERTYVALUE VALUES(37089,243,54,0,11144)
DISCONNECT
/*C291*/SET SCHEMA PUBLIC
CONNECT USER SA
INSERT INTO NAVCATEGORYPROPERTYVALUE VALUES(37090,243,54,0,11143)
DISCONNECT
/*C292*/SET SCHEMA PUBLIC
CONNECT USER SA
INSERT INTO NAVCATEGORYPROPERTYVALUE VALUES(37091,243,52,0,11139)
DISCONNECT
/*C293*/SET SCHEMA PUBLIC
CONNECT USER SA
INSERT INTO NAVCATEGORYPROPERTYVALUE VALUES(37092,243,52,0,11137)
DISCONNECT
/*C294*/SET SCHEMA PUBLIC
CONNECT USER SA
INSERT INTO NAVCATEGORYPROPERTYVALUE VALUES(37084,243,51,0,11134)
DISCONNECT
/*C295*/SET SCHEMA PUBLIC
CONNECT USER SA
INSERT INTO NAVCATEGORYPROPERTYVALUE VALUES(37083,243,51,0,11136)
DISCONNECT
/*C296*/SET SCHEMA PUBLIC
CONNECT USER SA
INSERT INTO NAVCATEGORYPROPERTYVALUE VALUES(37082,243,51,0,11135)
DISCONNECT
/*C297*/SET SCHEMA PUBLIC
CONNECT USER SA
INSERT INTO NAVCATEGORYPROPERTYVALUE VALUES(37074,244,51,0,11136)
DISCONNECT
/*C298*/SET SCHEMA PUBLIC
CONNECT USER SA
INSERT INTO NAVCATEGORYPROPERTYVALUE VALUES(37075,244,51,0,11134)
DISCONNECT
/*C299*/SET SCHEMA PUBLIC
CONNECT USER SA
INSERT INTO NAVCATEGORYPROPERTYVALUE VALUES(37076,244,53,0,11140)
DISCONNECT
/*C300*/SET SCHEMA PUBLIC
CONNECT USER SA
INSERT INTO NAVCATEGORYPROPERTYVALUE VALUES(37077,244,53,0,11142)
DISCONNECT
/*C301*/SET SCHEMA PUBLIC
CONNECT USER SA
INSERT INTO NAVCATEGORYPROPERTYVALUE VALUES(37078,244,53,0,11141)
DISCONNECT
/*C302*/SET SCHEMA PUBLIC
CONNECT USER SA
INSERT INTO NAVCATEGORYPROPERTYVALUE VALUES(37079,244,52,0,11139)
DISCONNECT
/*C303*/SET SCHEMA PUBLIC
CONNECT USER SA
INSERT INTO NAVCATEGORYPROPERTYVALUE VALUES(37080,244,52,0,11137)
DISCONNECT
/*C304*/SET SCHEMA PUBLIC
CONNECT USER SA
INSERT INTO NAVCATEGORYPROPERTYVALUE VALUES(37081,244,52,0,11138)
DISCONNECT
/*C305*/SET SCHEMA PUBLIC
CONNECT USER SA
INSERT INTO NAVCATEGORYPROPERTYVALUE VALUES(37093,243,52,0,11138)
DISCONNECT
/*C306*/SET SCHEMA PUBLIC
CONNECT USER SA
DISCONNECT
/*C307*/SET SCHEMA PUBLIC
CONNECT USER SA
DISCONNECT
/*C308*/SET SCHEMA PUBLIC
CONNECT USER SA
DISCONNECT
/*C309*/SET SCHEMA PUBLIC
CONNECT USER SA
DISCONNECT
/*C310*/SET SCHEMA PUBLIC
CONNECT USER SA
DISCONNECT
/*C311*/SET SCHEMA PUBLIC
CONNECT USER SA
DISCONNECT
/*C312*/SET SCHEMA PUBLIC
CONNECT USER SA
DISCONNECT
/*C313*/SET SCHEMA PUBLIC
CONNECT USER SA
DISCONNECT
/*C314*/SET SCHEMA PUBLIC
CONNECT USER SA
DISCONNECT
/*C315*/SET SCHEMA PUBLIC
CONNECT USER SA
DISCONNECT
/*C316*/SET SCHEMA PUBLIC
CONNECT USER SA
DISCONNECT
/*C317*/SET SCHEMA PUBLIC
CONNECT USER SA
DISCONNECT
/*C318*/SET SCHEMA PUBLIC
CONNECT USER SA
DISCONNECT
/*C319*/SET SCHEMA PUBLIC
CONNECT USER SA
DISCONNECT
/*C320*/SET SCHEMA PUBLIC
CONNECT USER SA
DISCONNECT
/*C321*/SET SCHEMA PUBLIC
CONNECT USER SA
DISCONNECT
/*C322*/SET SCHEMA PUBLIC
CONNECT USER SA
DISCONNECT
/*C323*/SET SCHEMA PUBLIC
CONNECT USER SA
DISCONNECT
/*C324*/SET SCHEMA PUBLIC
CONNECT USER SA
DISCONNECT
/*C325*/SET SCHEMA PUBLIC
CONNECT USER SA
DISCONNECT
/*C326*/SET SCHEMA PUBLIC
CONNECT USER SA
DISCONNECT
/*C327*/SET SCHEMA PUBLIC
CONNECT USER SA
DISCONNECT
/*C328*/SET SCHEMA PUBLIC
CONNECT USER SA
DISCONNECT
/*C329*/SET SCHEMA PUBLIC
CONNECT USER SA
DISCONNECT
/*C330*/SET SCHEMA PUBLIC
CONNECT USER SA
DISCONNECT
/*C331*/SET SCHEMA PUBLIC
CONNECT USER SA
DISCONNECT
/*C332*/SET SCHEMA PUBLIC
CONNECT USER SA
DISCONNECT
/*C333*/SET SCHEMA PUBLIC
CONNECT USER SA
DISCONNECT
/*C334*/SET SCHEMA PUBLIC
CONNECT USER SA
DISCONNECT
/*C335*/SET SCHEMA PUBLIC
CONNECT USER SA
DISCONNECT
/*C336*/SET SCHEMA PUBLIC
CONNECT USER SA
DISCONNECT
/*C337*/SET SCHEMA PUBLIC
CONNECT USER SA
DISCONNECT
/*C338*/SET SCHEMA PUBLIC
CONNECT USER SA
DISCONNECT
/*C339*/SET SCHEMA PUBLIC
CONNECT USER SA
DISCONNECT
/*C340*/SET SCHEMA PUBLIC
CONNECT USER SA
DISCONNECT
/*C341*/SET SCHEMA PUBLIC
CONNECT USER SA
DISCONNECT
/*C342*/SET SCHEMA PUBLIC
CONNECT USER SA
DISCONNECT
/*C343*/SET SCHEMA PUBLIC
CONNECT USER SA
DISCONNECT
/*C344*/SET SCHEMA PUBLIC
CONNECT USER SA
DISCONNECT
/*C345*/SET SCHEMA PUBLIC
CONNECT USER SA
DISCONNECT
/*C346*/SET SCHEMA PUBLIC
CONNECT USER SA
DISCONNECT
/*C347*/SET SCHEMA PUBLIC
CONNECT USER SA
DISCONNECT
/*C348*/SET SCHEMA PUBLIC
CONNECT USER SA
DISCONNECT
/*C349*/SET SCHEMA PUBLIC
CONNECT USER SA
DISCONNECT
/*C350*/SET SCHEMA PUBLIC
CONNECT USER SA
DISCONNECT
/*C351*/SET SCHEMA PUBLIC
CONNECT USER SA
DISCONNECT
/*C352*/SET SCHEMA PUBLIC
CONNECT USER SA
DISCONNECT
/*C353*/SET SCHEMA PUBLIC
CONNECT USER SA
DISCONNECT
/*C354*/SET SCHEMA PUBLIC
CONNECT USER SA
DISCONNECT
/*C355*/SET SCHEMA PUBLIC
CONNECT USER SA
DISCONNECT
/*C356*/SET SCHEMA PUBLIC
CONNECT USER SA
DISCONNECT
/*C357*/SET SCHEMA PUBLIC
CONNECT USER SA
DISCONNECT
/*C358*/SET SCHEMA PUBLIC
CONNECT USER SA
DISCONNECT
/*C359*/SET SCHEMA PUBLIC
CONNECT USER SA
DISCONNECT
/*C360*/SET SCHEMA PUBLIC
CONNECT USER SA
DISCONNECT
/*C361*/SET SCHEMA PUBLIC
CONNECT USER SA
DISCONNECT
/*C362*/SET SCHEMA PUBLIC
CONNECT USER SA
DISCONNECT
/*C363*/SET SCHEMA PUBLIC
CONNECT USER SA
DISCONNECT
/*C364*/SET SCHEMA PUBLIC
CONNECT USER SA
DISCONNECT
/*C365*/SET SCHEMA PUBLIC
CONNECT USER SA
DISCONNECT
/*C366*/SET SCHEMA PUBLIC
CONNECT USER SA
DISCONNECT
/*C367*/SET SCHEMA PUBLIC
CONNECT USER SA
DISCONNECT
/*C368*/SET SCHEMA PUBLIC
CONNECT USER SA
DISCONNECT
/*C369*/SET SCHEMA PUBLIC
CONNECT USER SA
DISCONNECT
/*C370*/SET SCHEMA PUBLIC
CONNECT USER SA
DISCONNECT
/*C371*/SET SCHEMA PUBLIC
CONNECT USER SA
DISCONNECT
/*C372*/SET SCHEMA PUBLIC
CONNECT USER SA
DISCONNECT
/*C373*/SET SCHEMA PUBLIC
CONNECT USER SA
DISCONNECT
/*C374*/SET SCHEMA PUBLIC
CONNECT USER SA
DISCONNECT
/*C375*/SET SCHEMA PUBLIC
CONNECT USER SA
DISCONNECT
/*C376*/SET SCHEMA PUBLIC
CONNECT USER SA
DISCONNECT
/*C377*/SET SCHEMA PUBLIC
CONNECT USER SA
DISCONNECT
/*C378*/SET SCHEMA PUBLIC
CONNECT USER SA
DISCONNECT
/*C379*/SET SCHEMA PUBLIC
CONNECT USER SA
DISCONNECT
/*C380*/SET SCHEMA PUBLIC
CONNECT USER SA
DISCONNECT
/*C381*/SET SCHEMA PUBLIC
CONNECT USER SA
DISCONNECT
/*C382*/SET SCHEMA PUBLIC
CONNECT USER SA
DISCONNECT
/*C383*/SET SCHEMA PUBLIC
CONNECT USER SA
DISCONNECT
/*C384*/SET SCHEMA PUBLIC
CONNECT USER SA
DISCONNECT
/*C385*/SET SCHEMA PUBLIC
CONNECT USER SA
DISCONNECT
/*C386*/SET SCHEMA PUBLIC
CONNECT USER SA
DISCONNECT
/*C387*/SET SCHEMA PUBLIC
CONNECT USER SA
DISCONNECT
/*C388*/SET SCHEMA PUBLIC
CONNECT USER SA
DISCONNECT
/*C389*/SET SCHEMA PUBLIC
CONNECT USER SA
DISCONNECT
/*C390*/SET SCHEMA PUBLIC
CONNECT USER SA
DISCONNECT
/*C391*/SET SCHEMA PUBLIC
CONNECT USER SA
DISCONNECT
/*C392*/SET SCHEMA PUBLIC
CONNECT USER SA
DISCONNECT
/*C393*/SET SCHEMA PUBLIC
CONNECT USER SA
DISCONNECT
/*C394*/SET SCHEMA PUBLIC
CONNECT USER SA
DISCONNECT
/*C395*/SET SCHEMA PUBLIC
CONNECT USER SA
DISCONNECT
/*C396*/SET SCHEMA PUBLIC
CONNECT USER SA
DISCONNECT
/*C397*/SET SCHEMA PUBLIC
CONNECT USER SA
DISCONNECT
/*C398*/SET SCHEMA PUBLIC
CONNECT USER SA
DISCONNECT
/*C399*/SET SCHEMA PUBLIC
CONNECT USER SA
DISCONNECT
/*C400*/SET SCHEMA PUBLIC
CONNECT USER SA
DISCONNECT
/*C401*/SET SCHEMA PUBLIC
CONNECT USER SA
DISCONNECT
/*C402*/SET SCHEMA PUBLIC
CONNECT USER SA
DISCONNECT
/*C403*/SET SCHEMA PUBLIC
CONNECT USER SA
DISCONNECT
/*C404*/SET SCHEMA PUBLIC
CONNECT USER SA
DISCONNECT
/*C405*/SET SCHEMA PUBLIC
CONNECT USER SA
DISCONNECT
/*C406*/SET SCHEMA PUBLIC
CONNECT USER SA
DISCONNECT
/*C407*/SET SCHEMA PUBLIC
CONNECT USER SA
DISCONNECT
/*C408*/SET SCHEMA PUBLIC
CONNECT USER SA
DISCONNECT
/*C409*/SET SCHEMA PUBLIC
CONNECT USER SA
DISCONNECT
/*C410*/SET SCHEMA PUBLIC
CONNECT USER SA
DISCONNECT
/*C411*/SET SCHEMA PUBLIC
CONNECT USER SA
DISCONNECT
/*C412*/SET SCHEMA PUBLIC
CONNECT USER SA
DISCONNECT
/*C413*/SET SCHEMA PUBLIC
CONNECT USER SA
DISCONNECT
/*C414*/SET SCHEMA PUBLIC
CONNECT USER SA
DISCONNECT
/*C415*/SET SCHEMA PUBLIC
CONNECT USER SA
DISCONNECT
/*C416*/SET SCHEMA PUBLIC
CONNECT USER SA
DISCONNECT
/*C417*/SET SCHEMA PUBLIC
CONNECT USER SA
DISCONNECT
/*C418*/SET SCHEMA PUBLIC
CONNECT USER SA
DISCONNECT
/*C419*/SET SCHEMA PUBLIC
CONNECT USER SA
DISCONNECT
/*C420*/SET SCHEMA PUBLIC
CONNECT USER SA
DISCONNECT
/*C421*/SET SCHEMA PUBLIC
CONNECT USER SA
DISCONNECT
/*C422*/SET SCHEMA PUBLIC
CONNECT USER SA
DISCONNECT
/*C423*/SET SCHEMA PUBLIC
CONNECT USER SA
DISCONNECT
/*C424*/SET SCHEMA PUBLIC
CONNECT USER SA
DISCONNECT
/*C425*/SET SCHEMA PUBLIC
CONNECT USER SA
DISCONNECT
/*C426*/SET SCHEMA PUBLIC
CONNECT USER SA
DISCONNECT
/*C427*/SET SCHEMA PUBLIC
CONNECT USER SA
DISCONNECT
/*C428*/SET SCHEMA PUBLIC
CONNECT USER SA
DISCONNECT
/*C429*/SET SCHEMA PUBLIC
CONNECT USER SA
DISCONNECT
/*C430*/SET SCHEMA PUBLIC
CONNECT USER SA
DISCONNECT
/*C431*/SET SCHEMA PUBLIC
CONNECT USER SA
DISCONNECT
/*C432*/SET SCHEMA PUBLIC
CONNECT USER SA
DELETE FROM PROPERTY WHERE ID=51
DELETE FROM PROPERTY WHERE ID=52
DELETE FROM PROPERTY WHERE ID=53
DELETE FROM PROPERTY WHERE ID=54
DISCONNECT
/*C433*/SET SCHEMA PUBLIC
CONNECT USER SA
INSERT INTO PROPERTY VALUES(51,'\u54c1\u724c')
DISCONNECT
/*C434*/SET SCHEMA PUBLIC
CONNECT USER SA
INSERT INTO PROPERTY VALUES(52,'\u989c\u8272')
DISCONNECT
/*C435*/SET SCHEMA PUBLIC
CONNECT USER SA
INSERT INTO PROPERTY VALUES(53,'\u5c3a\u5bf8')
DISCONNECT
/*C436*/SET SCHEMA PUBLIC
CONNECT USER SA
INSERT INTO PROPERTY VALUES(54,'\u4ea7\u5730')
DISCONNECT
/*C437*/SET SCHEMA PUBLIC
CONNECT USER SA
DELETE FROM VALUE WHERE ID=11134
DELETE FROM VALUE WHERE ID=11135
DELETE FROM VALUE WHERE ID=11136
DELETE FROM VALUE WHERE ID=11137
DELETE FROM VALUE WHERE ID=11138
DELETE FROM VALUE WHERE ID=11139
DELETE FROM VALUE WHERE ID=11140
DELETE FROM VALUE WHERE ID=11141
DELETE FROM VALUE WHERE ID=11142
DELETE FROM VALUE WHERE ID=11143
DELETE FROM VALUE WHERE ID=11144
DELETE FROM VALUE WHERE ID=11145
DISCONNECT
/*C438*/SET SCHEMA PUBLIC
CONNECT USER SA
INSERT INTO VALUE VALUES(11134,'\u5c1a\u5c3c')
DISCONNECT
/*C439*/SET SCHEMA PUBLIC
CONNECT USER SA
INSERT INTO VALUE VALUES(11135,'\u6234\u5fb7')
DISCONNECT
/*C440*/SET SCHEMA PUBLIC
CONNECT USER SA
INSERT INTO VALUE VALUES(11136,'\u7f8e\u7684')
DISCONNECT
/*C441*/SET SCHEMA PUBLIC
CONNECT USER SA
INSERT INTO VALUE VALUES(11137,'\u7eff\u8272')
DISCONNECT
/*C442*/SET SCHEMA PUBLIC
CONNECT USER SA
INSERT INTO VALUE VALUES(11138,'\u84dd\u8272')
DISCONNECT
/*C443*/SET SCHEMA PUBLIC
CONNECT USER SA
INSERT INTO VALUE VALUES(11139,'\u9ec4\u8272')
DISCONNECT
/*C444*/SET SCHEMA PUBLIC
CONNECT USER SA
INSERT INTO VALUE VALUES(11140,'18')
DISCONNECT
/*C445*/SET SCHEMA PUBLIC
CONNECT USER SA
INSERT INTO VALUE VALUES(11141,'15')
DISCONNECT
/*C446*/SET SCHEMA PUBLIC
CONNECT USER SA
INSERT INTO VALUE VALUES(11142,'12')
DISCONNECT
/*C447*/SET SCHEMA PUBLIC
CONNECT USER SA
INSERT INTO VALUE VALUES(11143,'\u65e5\u672c')
DISCONNECT
/*C448*/SET SCHEMA PUBLIC
CONNECT USER SA
INSERT INTO VALUE VALUES(11144,'\u5fb7\u56fd')
DISCONNECT
/*C449*/SET SCHEMA PUBLIC
CONNECT USER SA
INSERT INTO VALUE VALUES(11145,'\u4e2d\u56fd')
DISCONNECT
/*C450*/SET SCHEMA PUBLIC
CONNECT USER SA
SET AUTOCOMMIT FALSE
DELETE FROM PRODUCTCATEGORY WHERE ID=414
DELETE FROM PRODUCTCATEGORY WHERE ID=415
COMMIT
SET AUTOCOMMIT TRUE
DISCONNECT
/*C451*/SET SCHEMA PUBLIC
CONNECT USER SA
SET AUTOCOMMIT FALSE
INSERT INTO PRODUCTCATEGORY VALUES(414,'\u6d4b\u8bd5','',-1)
COMMIT
SET AUTOCOMMIT TRUE
DISCONNECT
/*C452*/SET SCHEMA PUBLIC
CONNECT USER SA
SET AUTOCOMMIT FALSE
INSERT INTO PRODUCTCATEGORY VALUES(415,'\u4e8c\u7ea7\u6d4b\u8bd5','',414)
COMMIT
SET AUTOCOMMIT TRUE
DISCONNECT
/*C453*/SET SCHEMA PUBLIC
CONNECT USER SA
DELETE FROM CATEGORYPROPERTY WHERE ID=23772
DELETE FROM CATEGORYPROPERTY WHERE ID=23774
DELETE FROM CATEGORYPROPERTY WHERE ID=23775
DELETE FROM CATEGORYPROPERTY WHERE ID=23776
DELETE FROM CATEGORYPROPERTY WHERE ID=23781
DELETE FROM CATEGORYPROPERTY WHERE ID=23782
DELETE FROM CATEGORYPROPERTY WHERE ID=23783
DELETE FROM CATEGORYPROPERTY WHERE ID=23784
DISCONNECT
/*C454*/SET SCHEMA PUBLIC
CONNECT USER SA
DISCONNECT
/*C455*/SET SCHEMA PUBLIC
CONNECT USER SA
INSERT INTO CATEGORYPROPERTY VALUES(23772,'KEY_PROPERTY',414,51,0,0,0)
DISCONNECT
/*C456*/SET SCHEMA PUBLIC
CONNECT USER SA
DISCONNECT
/*C457*/SET SCHEMA PUBLIC
CONNECT USER SA
INSERT INTO CATEGORYPROPERTY VALUES(23774,'SELL_PROPERTY',414,52,1,1,0)
DISCONNECT
/*C458*/SET SCHEMA PUBLIC
CONNECT USER SA
DISCONNECT
/*C459*/SET SCHEMA PUBLIC
CONNECT USER SA
INSERT INTO CATEGORYPROPERTY VALUES(23775,'SELL_PROPERTY',414,53,1,1,0)
DISCONNECT
/*C460*/SET SCHEMA PUBLIC
CONNECT USER SA
DISCONNECT
/*C461*/SET SCHEMA PUBLIC
CONNECT USER SA
INSERT INTO CATEGORYPROPERTY VALUES(23776,'KEY_PROPERTY',414,54,0,0,0)
DISCONNECT
/*C462*/SET SCHEMA PUBLIC
CONNECT USER SA
DISCONNECT
/*C463*/SET SCHEMA PUBLIC
CONNECT USER SA
INSERT INTO CATEGORYPROPERTY VALUES(23781,'KEY_PROPERTY',415,51,0,0,0)
DISCONNECT
/*C464*/SET SCHEMA PUBLIC
CONNECT USER SA
DISCONNECT
/*C465*/SET SCHEMA PUBLIC
CONNECT USER SA
INSERT INTO CATEGORYPROPERTY VALUES(23782,'SELL_PROPERTY',415,52,1,1,0)
DISCONNECT
/*C466*/SET SCHEMA PUBLIC
CONNECT USER SA
DISCONNECT
/*C467*/SET SCHEMA PUBLIC
CONNECT USER SA
INSERT INTO CATEGORYPROPERTY VALUES(23783,'SELL_PROPERTY',415,53,1,1,0)
DISCONNECT
/*C468*/SET SCHEMA PUBLIC
CONNECT USER SA
DISCONNECT
/*C469*/SET SCHEMA PUBLIC
CONNECT USER SA
INSERT INTO CATEGORYPROPERTY VALUES(23784,'KEY_PROPERTY',415,54,0,0,0)
DISCONNECT
/*C470*/SET SCHEMA PUBLIC
CONNECT USER SA
DELETE FROM CATEGORYPROPERTYVALUE WHERE ID=165753
DELETE FROM CATEGORYPROPERTYVALUE WHERE ID=165754
DELETE FROM CATEGORYPROPERTYVALUE WHERE ID=165755
DELETE FROM CATEGORYPROPERTYVALUE WHERE ID=165756
DELETE FROM CATEGORYPROPERTYVALUE WHERE ID=165757
DELETE FROM CATEGORYPROPERTYVALUE WHERE ID=165758
DELETE FROM CATEGORYPROPERTYVALUE WHERE ID=165759
DELETE FROM CATEGORYPROPERTYVALUE WHERE ID=165760
DELETE FROM CATEGORYPROPERTYVALUE WHERE ID=165761
DELETE FROM CATEGORYPROPERTYVALUE WHERE ID=165762
DELETE FROM CATEGORYPROPERTYVALUE WHERE ID=165763
DELETE FROM CATEGORYPROPERTYVALUE WHERE ID=165764
DELETE FROM CATEGORYPROPERTYVALUE WHERE ID=165777
DELETE FROM CATEGORYPROPERTYVALUE WHERE ID=165778
DELETE FROM CATEGORYPROPERTYVALUE WHERE ID=165779
DELETE FROM CATEGORYPROPERTYVALUE WHERE ID=165780
DELETE FROM CATEGORYPROPERTYVALUE WHERE ID=165781
DELETE FROM CATEGORYPROPERTYVALUE WHERE ID=165782
DELETE FROM CATEGORYPROPERTYVALUE WHERE ID=165783
DELETE FROM CATEGORYPROPERTYVALUE WHERE ID=165784
DELETE FROM CATEGORYPROPERTYVALUE WHERE ID=165785
DELETE FROM CATEGORYPROPERTYVALUE WHERE ID=165786
DELETE FROM CATEGORYPROPERTYVALUE WHERE ID=165787
DELETE FROM CATEGORYPROPERTYVALUE WHERE ID=165788
DISCONNECT
/*C471*/SET SCHEMA PUBLIC
CONNECT USER SA
DISCONNECT
/*C472*/SET SCHEMA PUBLIC
CONNECT USER SA
INSERT INTO CATEGORYPROPERTYVALUE VALUES(165753,414,51,0,11134)
DISCONNECT
/*C473*/SET SCHEMA PUBLIC
CONNECT USER SA
DISCONNECT
/*C474*/SET SCHEMA PUBLIC
CONNECT USER SA
INSERT INTO CATEGORYPROPERTYVALUE VALUES(165778,415,51,0,11135)
DISCONNECT
/*C475*/SET SCHEMA PUBLIC
CONNECT USER SA
DISCONNECT
/*C476*/SET SCHEMA PUBLIC
CONNECT USER SA
INSERT INTO CATEGORYPROPERTYVALUE VALUES(165779,415,51,0,11136)
DISCONNECT
/*C477*/SET SCHEMA PUBLIC
CONNECT USER SA
DISCONNECT
/*C478*/SET SCHEMA PUBLIC
CONNECT USER SA
INSERT INTO CATEGORYPROPERTYVALUE VALUES(165780,415,52,0,11137)
DISCONNECT
/*C479*/SET SCHEMA PUBLIC
CONNECT USER SA
DISCONNECT
/*C480*/SET SCHEMA PUBLIC
CONNECT USER SA
INSERT INTO CATEGORYPROPERTYVALUE VALUES(165781,415,52,0,11138)
DISCONNECT
/*C481*/SET SCHEMA PUBLIC
CONNECT USER SA
DISCONNECT
/*C482*/SET SCHEMA PUBLIC
CONNECT USER SA
INSERT INTO CATEGORYPROPERTYVALUE VALUES(165782,415,52,0,11139)
DISCONNECT
/*C483*/SET SCHEMA PUBLIC
CONNECT USER SA
DISCONNECT
/*C484*/SET SCHEMA PUBLIC
CONNECT USER SA
INSERT INTO CATEGORYPROPERTYVALUE VALUES(165783,415,53,0,11140)
DISCONNECT
/*C485*/SET SCHEMA PUBLIC
CONNECT USER SA
DISCONNECT
/*C486*/SET SCHEMA PUBLIC
CONNECT USER SA
INSERT INTO CATEGORYPROPERTYVALUE VALUES(165784,415,53,0,11141)
DISCONNECT
/*C487*/SET SCHEMA PUBLIC
CONNECT USER SA
DISCONNECT
/*C488*/SET SCHEMA PUBLIC
CONNECT USER SA
INSERT INTO CATEGORYPROPERTYVALUE VALUES(165785,415,53,0,11142)
DISCONNECT
/*C489*/SET SCHEMA PUBLIC
CONNECT USER SA
DISCONNECT
/*C490*/SET SCHEMA PUBLIC
CONNECT USER SA
INSERT INTO CATEGORYPROPERTYVALUE VALUES(165786,415,54,0,11143)
DISCONNECT
/*C491*/SET SCHEMA PUBLIC
CONNECT USER SA
DISCONNECT
/*C492*/SET SCHEMA PUBLIC
CONNECT USER SA
INSERT INTO CATEGORYPROPERTYVALUE VALUES(165787,415,54,0,11144)
DISCONNECT
/*C493*/SET SCHEMA PUBLIC
CONNECT USER SA
DISCONNECT
/*C494*/SET SCHEMA PUBLIC
CONNECT USER SA
INSERT INTO CATEGORYPROPERTYVALUE VALUES(165777,415,51,0,11134)
DISCONNECT
/*C495*/SET SCHEMA PUBLIC
CONNECT USER SA
DISCONNECT
/*C496*/SET SCHEMA PUBLIC
CONNECT USER SA
INSERT INTO CATEGORYPROPERTYVALUE VALUES(165764,414,54,0,11145)
DISCONNECT
/*C497*/SET SCHEMA PUBLIC
CONNECT USER SA
DISCONNECT
/*C498*/SET SCHEMA PUBLIC
CONNECT USER SA
INSERT INTO CATEGORYPROPERTYVALUE VALUES(165754,414,51,0,11135)
DISCONNECT
/*C499*/SET SCHEMA PUBLIC
CONNECT USER SA
DISCONNECT
/*C500*/SET SCHEMA PUBLIC
CONNECT USER SA
INSERT INTO CATEGORYPROPERTYVALUE VALUES(165755,414,51,0,11136)
DISCONNECT
/*C501*/SET SCHEMA PUBLIC
CONNECT USER SA
DISCONNECT
/*C502*/SET SCHEMA PUBLIC
CONNECT USER SA
INSERT INTO CATEGORYPROPERTYVALUE VALUES(165756,414,52,0,11137)
DISCONNECT
/*C503*/SET SCHEMA PUBLIC
CONNECT USER SA
DISCONNECT
/*C504*/SET SCHEMA PUBLIC
CONNECT USER SA
INSERT INTO CATEGORYPROPERTYVALUE VALUES(165757,414,52,0,11138)
DISCONNECT
/*C505*/SET SCHEMA PUBLIC
CONNECT USER SA
DISCONNECT
/*C506*/SET SCHEMA PUBLIC
CONNECT USER SA
INSERT INTO CATEGORYPROPERTYVALUE VALUES(165758,414,52,0,11139)
DISCONNECT
/*C507*/SET SCHEMA PUBLIC
CONNECT USER SA
DISCONNECT
/*C508*/SET SCHEMA PUBLIC
CONNECT USER SA
INSERT INTO CATEGORYPROPERTYVALUE VALUES(165759,414,53,0,11140)
DISCONNECT
/*C509*/SET SCHEMA PUBLIC
CONNECT USER SA
DISCONNECT
/*C510*/SET SCHEMA PUBLIC
CONNECT USER SA
INSERT INTO CATEGORYPROPERTYVALUE VALUES(165760,414,53,0,11141)
DISCONNECT
/*C511*/SET SCHEMA PUBLIC
CONNECT USER SA
DISCONNECT
/*C512*/SET SCHEMA PUBLIC
CONNECT USER SA
INSERT INTO CATEGORYPROPERTYVALUE VALUES(165761,414,53,0,11142)
DISCONNECT
/*C513*/SET SCHEMA PUBLIC
CONNECT USER SA
DISCONNECT
/*C514*/SET SCHEMA PUBLIC
CONNECT USER SA
INSERT INTO CATEGORYPROPERTYVALUE VALUES(165762,414,54,0,11143)
DISCONNECT
/*C515*/SET SCHEMA PUBLIC
CONNECT USER SA
DISCONNECT
/*C516*/SET SCHEMA PUBLIC
CONNECT USER SA
INSERT INTO CATEGORYPROPERTYVALUE VALUES(165763,414,54,0,11144)
DISCONNECT
/*C517*/SET SCHEMA PUBLIC
CONNECT USER SA
DISCONNECT
/*C518*/SET SCHEMA PUBLIC
CONNECT USER SA
INSERT INTO CATEGORYPROPERTYVALUE VALUES(165788,415,54,0,11145)
DISCONNECT
/*C519*/SET SCHEMA PUBLIC
CONNECT USER SA
DISCONNECT
/*C520*/SET SCHEMA PUBLIC
CONNECT USER SA
SET AUTOCOMMIT FALSE
DELETE FROM NAVIGATECATEGORY WHERE ID=243
DELETE FROM NAVIGATECATEGORY WHERE ID=244
COMMIT
SET AUTOCOMMIT TRUE
DISCONNECT
/*C521*/SET SCHEMA PUBLIC
CONNECT USER SA
SET AUTOCOMMIT FALSE
INSERT INTO NAVIGATECATEGORY VALUES(243,'\u6d4b\u8bd5','','','',NULL,0,-1)
COMMIT
SET AUTOCOMMIT TRUE
DISCONNECT
/*C522*/SET SCHEMA PUBLIC
CONNECT USER SA
SET AUTOCOMMIT FALSE
INSERT INTO NAVIGATECATEGORY VALUES(244,'\u4e8c\u7ea7\u6d4b\u8bd5','','','','{"navId":244,"mainProduct":0,"mainImg":null,"mainImgLink":null,"minorProduct":null,"hot":false}',0,243)
COMMIT
SET AUTOCOMMIT TRUE
DISCONNECT
/*C523*/SET SCHEMA PUBLIC
CONNECT USER SA
DELETE FROM CATEGORYASSOCIATION WHERE NAVID=244 AND CID=415
DELETE FROM CATEGORYASSOCIATION WHERE NAVID=243 AND CID=414
DISCONNECT
/*C524*/SET SCHEMA PUBLIC
CONNECT USER SA
DISCONNECT
/*C525*/SET SCHEMA PUBLIC
CONNECT USER SA
DELETE FROM NAVCATEGORYPROPERTY WHERE ID=7674
DELETE FROM NAVCATEGORYPROPERTY WHERE ID=7675
DELETE FROM NAVCATEGORYPROPERTY WHERE ID=7676
DISCONNECT
/*C526*/SET SCHEMA PUBLIC
CONNECT USER SA
DELETE FROM NAVCATEGORYPROPERTYVALUE WHERE ID=37073
DELETE FROM NAVCATEGORYPROPERTYVALUE WHERE ID=37074
DELETE FROM NAVCATEGORYPROPERTYVALUE WHERE ID=37075
DELETE FROM NAVCATEGORYPROPERTYVALUE WHERE ID=37076
DELETE FROM NAVCATEGORYPROPERTYVALUE WHERE ID=37077
DELETE FROM NAVCATEGORYPROPERTYVALUE WHERE ID=37078
DELETE FROM NAVCATEGORYPROPERTYVALUE WHERE ID=37079
DELETE FROM NAVCATEGORYPROPERTYVALUE WHERE ID=37080
DELETE FROM NAVCATEGORYPROPERTYVALUE WHERE ID=37081
DISCONNECT
/*C527*/SET SCHEMA PUBLIC
CONNECT USER SA
INSERT INTO CATEGORYASSOCIATION VALUES(244,415)
DISCONNECT
/*C528*/SET SCHEMA PUBLIC
CONNECT USER SA
DISCONNECT
/*C529*/SET SCHEMA PUBLIC
CONNECT USER SA
DELETE FROM NAVCATEGORYPROPERTY WHERE ID=7677
DELETE FROM NAVCATEGORYPROPERTY WHERE ID=7678
DELETE FROM NAVCATEGORYPROPERTY WHERE ID=7679
DELETE FROM NAVCATEGORYPROPERTY WHERE ID=7680
DISCONNECT
/*C530*/SET SCHEMA PUBLIC
CONNECT USER SA
DELETE FROM NAVCATEGORYPROPERTYVALUE WHERE ID=37082
DELETE FROM NAVCATEGORYPROPERTYVALUE WHERE ID=37083
DELETE FROM NAVCATEGORYPROPERTYVALUE WHERE ID=37084
DELETE FROM NAVCATEGORYPROPERTYVALUE WHERE ID=37085
DELETE FROM NAVCATEGORYPROPERTYVALUE WHERE ID=37086
DELETE FROM NAVCATEGORYPROPERTYVALUE WHERE ID=37087
DELETE FROM NAVCATEGORYPROPERTYVALUE WHERE ID=37088
DELETE FROM NAVCATEGORYPROPERTYVALUE WHERE ID=37089
DELETE FROM NAVCATEGORYPROPERTYVALUE WHERE ID=37090
DELETE FROM NAVCATEGORYPROPERTYVALUE WHERE ID=37091
DELETE FROM NAVCATEGORYPROPERTYVALUE WHERE ID=37092
DELETE FROM NAVCATEGORYPROPERTYVALUE WHERE ID=37093
DISCONNECT
/*C531*/SET SCHEMA PUBLIC
CONNECT USER SA
INSERT INTO CATEGORYASSOCIATION VALUES(243,414)
DISCONNECT
/*C532*/SET SCHEMA PUBLIC
CONNECT USER SA
SET AUTOCOMMIT FALSE
SET AUTOCOMMIT TRUE
DISCONNECT
/*C533*/SET SCHEMA PUBLIC
CONNECT USER SA
SET AUTOCOMMIT FALSE
INSERT INTO NAVCATEGORYPROPERTY VALUES(7674,244,51,0,1)
COMMIT
SET AUTOCOMMIT TRUE
DISCONNECT
/*C534*/SET SCHEMA PUBLIC
CONNECT USER SA
SET AUTOCOMMIT FALSE
INSERT INTO NAVCATEGORYPROPERTY VALUES(7675,244,53,0,1)
COMMIT
SET AUTOCOMMIT TRUE
DISCONNECT
/*C535*/SET SCHEMA PUBLIC
CONNECT USER SA
SET AUTOCOMMIT FALSE
INSERT INTO NAVCATEGORYPROPERTY VALUES(7676,244,52,0,1)
COMMIT
SET AUTOCOMMIT TRUE
DISCONNECT
/*C536*/SET SCHEMA PUBLIC
CONNECT USER SA
SET AUTOCOMMIT FALSE
INSERT INTO NAVCATEGORYPROPERTY VALUES(7677,243,51,0,1)
COMMIT
SET AUTOCOMMIT TRUE
DISCONNECT
/*C537*/SET SCHEMA PUBLIC
CONNECT USER SA
SET AUTOCOMMIT FALSE
INSERT INTO NAVCATEGORYPROPERTY VALUES(7678,243,53,0,1)
COMMIT
SET AUTOCOMMIT TRUE
DISCONNECT
/*C538*/SET SCHEMA PUBLIC
CONNECT USER SA
SET AUTOCOMMIT FALSE
INSERT INTO NAVCATEGORYPROPERTY VALUES(7679,243,54,0,1)
COMMIT
SET AUTOCOMMIT TRUE
DISCONNECT
/*C539*/SET SCHEMA PUBLIC
CONNECT USER SA
SET AUTOCOMMIT FALSE
INSERT INTO NAVCATEGORYPROPERTY VALUES(7680,243,52,0,1)
COMMIT
SET AUTOCOMMIT TRUE
DISCONNECT
/*C540*/SET SCHEMA PUBLIC
CONNECT USER SA
SET AUTOCOMMIT FALSE
SET AUTOCOMMIT TRUE
DISCONNECT
/*C541*/SET SCHEMA PUBLIC
CONNECT USER SA
INSERT INTO NAVCATEGORYPROPERTYVALUE VALUES(37073,244,51,0,11135)
DISCONNECT
/*C542*/SET SCHEMA PUBLIC
CONNECT USER SA
INSERT INTO NAVCATEGORYPROPERTYVALUE VALUES(37085,243,53,0,11140)
DISCONNECT
/*C543*/SET SCHEMA PUBLIC
CONNECT USER SA
INSERT INTO NAVCATEGORYPROPERTYVALUE VALUES(37086,243,53,0,11142)
DISCONNECT
/*C544*/SET SCHEMA PUBLIC
CONNECT USER SA
INSERT INTO NAVCATEGORYPROPERTYVALUE VALUES(37087,243,53,0,11141)
DISCONNECT
/*C545*/SET SCHEMA PUBLIC
CONNECT USER SA
INSERT INTO NAVCATEGORYPROPERTYVALUE VALUES(37088,243,54,0,11145)
DISCONNECT
/*C546*/SET SCHEMA PUBLIC
CONNECT USER SA
INSERT INTO NAVCATEGORYPROPERTYVALUE VALUES(37089,243,54,0,11144)
DISCONNECT
/*C547*/SET SCHEMA PUBLIC
CONNECT USER SA
INSERT INTO NAVCATEGORYPROPERTYVALUE VALUES(37090,243,54,0,11143)
DISCONNECT
/*C548*/SET SCHEMA PUBLIC
CONNECT USER SA
INSERT INTO NAVCATEGORYPROPERTYVALUE VALUES(37091,243,52,0,11139)
DISCONNECT
/*C549*/SET SCHEMA PUBLIC
CONNECT USER SA
INSERT INTO NAVCATEGORYPROPERTYVALUE VALUES(37092,243,52,0,11137)
DISCONNECT
/*C550*/SET SCHEMA PUBLIC
CONNECT USER SA
INSERT INTO NAVCATEGORYPROPERTYVALUE VALUES(37084,243,51,0,11134)
DISCONNECT
/*C551*/SET SCHEMA PUBLIC
CONNECT USER SA
INSERT INTO NAVCATEGORYPROPERTYVALUE VALUES(37083,243,51,0,11136)
DISCONNECT
/*C552*/SET SCHEMA PUBLIC
CONNECT USER SA
INSERT INTO NAVCATEGORYPROPERTYVALUE VALUES(37082,243,51,0,11135)
DISCONNECT
/*C553*/SET SCHEMA PUBLIC
CONNECT USER SA
INSERT INTO NAVCATEGORYPROPERTYVALUE VALUES(37074,244,51,0,11136)
DISCONNECT
/*C554*/SET SCHEMA PUBLIC
CONNECT USER SA
INSERT INTO NAVCATEGORYPROPERTYVALUE VALUES(37075,244,51,0,11134)
DISCONNECT
/*C555*/SET SCHEMA PUBLIC
CONNECT USER SA
INSERT INTO NAVCATEGORYPROPERTYVALUE VALUES(37076,244,53,0,11140)
DISCONNECT
/*C556*/SET SCHEMA PUBLIC
CONNECT USER SA
INSERT INTO NAVCATEGORYPROPERTYVALUE VALUES(37077,244,53,0,11142)
DISCONNECT
/*C557*/SET SCHEMA PUBLIC
CONNECT USER SA
INSERT INTO NAVCATEGORYPROPERTYVALUE VALUES(37078,244,53,0,11141)
DISCONNECT
/*C558*/SET SCHEMA PUBLIC
CONNECT USER SA
INSERT INTO NAVCATEGORYPROPERTYVALUE VALUES(37079,244,52,0,11139)
DISCONNECT
/*C559*/SET SCHEMA PUBLIC
CONNECT USER SA
INSERT INTO NAVCATEGORYPROPERTYVALUE VALUES(37080,244,52,0,11137)
DISCONNECT
/*C560*/SET SCHEMA PUBLIC
CONNECT USER SA
INSERT INTO NAVCATEGORYPROPERTYVALUE VALUES(37081,244,52,0,11138)
DISCONNECT
/*C561*/SET SCHEMA PUBLIC
CONNECT USER SA
INSERT INTO NAVCATEGORYPROPERTYVALUE VALUES(37093,243,52,0,11138)
DISCONNECT
/*C562*/SET SCHEMA PUBLIC
CONNECT USER SA
DISCONNECT
/*C563*/SET SCHEMA PUBLIC
CONNECT USER SA
DISCONNECT
/*C564*/SET SCHEMA PUBLIC
CONNECT USER SA
DISCONNECT
/*C565*/SET SCHEMA PUBLIC
CONNECT USER SA
DISCONNECT
/*C566*/SET SCHEMA PUBLIC
CONNECT USER SA
DISCONNECT
/*C567*/SET SCHEMA PUBLIC
CONNECT USER SA
DISCONNECT
/*C568*/SET SCHEMA PUBLIC
CONNECT USER SA
DISCONNECT
/*C569*/SET SCHEMA PUBLIC
CONNECT USER SA
DISCONNECT
/*C570*/SET SCHEMA PUBLIC
CONNECT USER SA
DISCONNECT
/*C571*/SET SCHEMA PUBLIC
CONNECT USER SA
DISCONNECT
/*C572*/SET SCHEMA PUBLIC
CONNECT USER SA
DISCONNECT
/*C573*/SET SCHEMA PUBLIC
CONNECT USER SA
DISCONNECT
/*C574*/SET SCHEMA PUBLIC
CONNECT USER SA
DISCONNECT
/*C575*/SET SCHEMA PUBLIC
CONNECT USER SA
DISCONNECT
/*C576*/SET SCHEMA PUBLIC
CONNECT USER SA
DISCONNECT
/*C577*/SET SCHEMA PUBLIC
CONNECT USER SA
DISCONNECT
/*C578*/SET SCHEMA PUBLIC
CONNECT USER SA
DISCONNECT
/*C579*/SET SCHEMA PUBLIC
CONNECT USER SA
DISCONNECT
/*C580*/SET SCHEMA PUBLIC
CONNECT USER SA
DISCONNECT
/*C581*/SET SCHEMA PUBLIC
CONNECT USER SA
DISCONNECT
/*C582*/SET SCHEMA PUBLIC
CONNECT USER SA
DISCONNECT
/*C583*/SET SCHEMA PUBLIC
CONNECT USER SA
DISCONNECT
/*C584*/SET SCHEMA PUBLIC
CONNECT USER SA
DISCONNECT
/*C585*/SET SCHEMA PUBLIC
CONNECT USER SA
DISCONNECT
/*C586*/SET SCHEMA PUBLIC
CONNECT USER SA
DISCONNECT
/*C587*/SET SCHEMA PUBLIC
CONNECT USER SA
DISCONNECT
/*C588*/SET SCHEMA PUBLIC
CONNECT USER SA
DISCONNECT
/*C589*/SET SCHEMA PUBLIC
CONNECT USER SA
DISCONNECT
/*C590*/SET SCHEMA PUBLIC
CONNECT USER SA
DISCONNECT
/*C591*/SET SCHEMA PUBLIC
CONNECT USER SA
DISCONNECT
/*C592*/SET SCHEMA PUBLIC
CONNECT USER SA
DISCONNECT
/*C593*/SET SCHEMA PUBLIC
CONNECT USER SA
DISCONNECT
/*C594*/SET SCHEMA PUBLIC
CONNECT USER SA
DISCONNECT
/*C595*/SET SCHEMA PUBLIC
CONNECT USER SA
DISCONNECT
/*C596*/SET SCHEMA PUBLIC
CONNECT USER SA
DISCONNECT
/*C597*/SET SCHEMA PUBLIC
CONNECT USER SA
DISCONNECT
/*C598*/SET SCHEMA PUBLIC
CONNECT USER SA
DISCONNECT
/*C599*/SET SCHEMA PUBLIC
CONNECT USER SA
DISCONNECT
/*C600*/SET SCHEMA PUBLIC
CONNECT USER SA
DISCONNECT
/*C601*/SET SCHEMA PUBLIC
CONNECT USER SA
DISCONNECT
/*C602*/SET SCHEMA PUBLIC
CONNECT USER SA
DISCONNECT
/*C603*/SET SCHEMA PUBLIC
CONNECT USER SA
DISCONNECT
/*C604*/SET SCHEMA PUBLIC
CONNECT USER SA
DISCONNECT
/*C605*/SET SCHEMA PUBLIC
CONNECT USER SA
DISCONNECT
/*C606*/SET SCHEMA PUBLIC
CONNECT USER SA
DISCONNECT
/*C607*/SET SCHEMA PUBLIC
CONNECT USER SA
DISCONNECT
/*C608*/SET SCHEMA PUBLIC
CONNECT USER SA
DISCONNECT
/*C609*/SET SCHEMA PUBLIC
CONNECT USER SA
DISCONNECT
/*C610*/SET SCHEMA PUBLIC
CONNECT USER SA
DISCONNECT
/*C611*/SET SCHEMA PUBLIC
CONNECT USER SA
DISCONNECT
/*C612*/SET SCHEMA PUBLIC
CONNECT USER SA
DISCONNECT
/*C613*/SET SCHEMA PUBLIC
CONNECT USER SA
DISCONNECT
/*C614*/SET SCHEMA PUBLIC
CONNECT USER SA
DISCONNECT
/*C615*/SET SCHEMA PUBLIC
CONNECT USER SA
DISCONNECT
/*C616*/SET SCHEMA PUBLIC
CONNECT USER SA
DISCONNECT
/*C617*/SET SCHEMA PUBLIC
CONNECT USER SA
DISCONNECT
/*C618*/SET SCHEMA PUBLIC
CONNECT USER SA
DISCONNECT
/*C619*/SET SCHEMA PUBLIC
CONNECT USER SA
DISCONNECT
/*C620*/SET SCHEMA PUBLIC
CONNECT USER SA
DISCONNECT
/*C621*/SET SCHEMA PUBLIC
CONNECT USER SA
DISCONNECT
/*C622*/SET SCHEMA PUBLIC
CONNECT USER SA
DISCONNECT
/*C623*/SET SCHEMA PUBLIC
CONNECT USER SA
DISCONNECT
/*C624*/SET SCHEMA PUBLIC
CONNECT USER SA
DISCONNECT
/*C625*/SET SCHEMA PUBLIC
CONNECT USER SA
DISCONNECT
/*C626*/SET SCHEMA PUBLIC
CONNECT USER SA
DISCONNECT
/*C627*/SET SCHEMA PUBLIC
CONNECT USER SA
DISCONNECT
/*C628*/SET SCHEMA PUBLIC
CONNECT USER SA
DISCONNECT
/*C629*/SET SCHEMA PUBLIC
CONNECT USER SA
DISCONNECT
/*C630*/SET SCHEMA PUBLIC
CONNECT USER SA
DISCONNECT
/*C631*/SET SCHEMA PUBLIC
CONNECT USER SA
DISCONNECT
/*C632*/SET SCHEMA PUBLIC
CONNECT USER SA
DISCONNECT
/*C633*/SET SCHEMA PUBLIC
CONNECT USER SA
DISCONNECT
/*C634*/SET SCHEMA PUBLIC
CONNECT USER SA
DISCONNECT
/*C635*/SET SCHEMA PUBLIC
CONNECT USER SA
DISCONNECT
/*C636*/SET SCHEMA PUBLIC
CONNECT USER SA
DISCONNECT
/*C637*/SET SCHEMA PUBLIC
CONNECT USER SA
DISCONNECT
/*C638*/SET SCHEMA PUBLIC
CONNECT USER SA
DISCONNECT
/*C639*/SET SCHEMA PUBLIC
CONNECT USER SA
DISCONNECT
/*C640*/SET SCHEMA PUBLIC
CONNECT USER SA
DISCONNECT
/*C641*/SET SCHEMA PUBLIC
CONNECT USER SA
DISCONNECT
/*C642*/SET SCHEMA PUBLIC
CONNECT USER SA
DISCONNECT
/*C643*/SET SCHEMA PUBLIC
CONNECT USER SA
DISCONNECT
/*C644*/SET SCHEMA PUBLIC
CONNECT USER SA
DISCONNECT
/*C645*/SET SCHEMA PUBLIC
CONNECT USER SA
DISCONNECT
/*C646*/SET SCHEMA PUBLIC
CONNECT USER SA
DISCONNECT
/*C647*/SET SCHEMA PUBLIC
CONNECT USER SA
DISCONNECT
/*C648*/SET SCHEMA PUBLIC
CONNECT USER SA
DISCONNECT
/*C649*/SET SCHEMA PUBLIC
CONNECT USER SA
DISCONNECT
/*C650*/SET SCHEMA PUBLIC
CONNECT USER SA
DISCONNECT
/*C651*/SET SCHEMA PUBLIC
CONNECT USER SA
DISCONNECT
/*C652*/SET SCHEMA PUBLIC
CONNECT USER SA
DISCONNECT
/*C653*/SET SCHEMA PUBLIC
CONNECT USER SA
DISCONNECT
/*C654*/SET SCHEMA PUBLIC
CONNECT USER SA
DISCONNECT
/*C655*/SET SCHEMA PUBLIC
CONNECT USER SA
DISCONNECT
/*C656*/SET SCHEMA PUBLIC
CONNECT USER SA
DISCONNECT
/*C657*/SET SCHEMA PUBLIC
CONNECT USER SA
DISCONNECT
/*C658*/SET SCHEMA PUBLIC
CONNECT USER SA
DISCONNECT
/*C659*/SET SCHEMA PUBLIC
CONNECT USER SA
DISCONNECT
/*C660*/SET SCHEMA PUBLIC
CONNECT USER SA
DISCONNECT
/*C661*/SET SCHEMA PUBLIC
CONNECT USER SA
DISCONNECT
/*C662*/SET SCHEMA PUBLIC
CONNECT USER SA
DISCONNECT
/*C663*/SET SCHEMA PUBLIC
CONNECT USER SA
DISCONNECT
/*C664*/SET SCHEMA PUBLIC
CONNECT USER SA
DISCONNECT
/*C665*/SET SCHEMA PUBLIC
CONNECT USER SA
DISCONNECT
/*C666*/SET SCHEMA PUBLIC
CONNECT USER SA
DISCONNECT
/*C667*/SET SCHEMA PUBLIC
CONNECT USER SA
DISCONNECT
/*C668*/SET SCHEMA PUBLIC
CONNECT USER SA
DISCONNECT
/*C669*/SET SCHEMA PUBLIC
CONNECT USER SA
DISCONNECT
/*C670*/SET SCHEMA PUBLIC
CONNECT USER SA
DISCONNECT
/*C671*/SET SCHEMA PUBLIC
CONNECT USER SA
DISCONNECT
/*C672*/SET SCHEMA PUBLIC
CONNECT USER SA
DISCONNECT
/*C673*/SET SCHEMA PUBLIC
CONNECT USER SA
DISCONNECT
/*C674*/SET SCHEMA PUBLIC
CONNECT USER SA
DISCONNECT
/*C675*/SET SCHEMA PUBLIC
CONNECT USER SA
DISCONNECT
/*C676*/SET SCHEMA PUBLIC
CONNECT USER SA
DISCONNECT
/*C677*/SET SCHEMA PUBLIC
CONNECT USER SA
DISCONNECT
/*C678*/SET SCHEMA PUBLIC
CONNECT USER SA
DISCONNECT
/*C679*/SET SCHEMA PUBLIC
CONNECT USER SA
DISCONNECT
/*C680*/SET SCHEMA PUBLIC
CONNECT USER SA
DISCONNECT
/*C681*/SET SCHEMA PUBLIC
CONNECT USER SA
DISCONNECT
/*C682*/SET SCHEMA PUBLIC
CONNECT USER SA
DISCONNECT
/*C683*/SET SCHEMA PUBLIC
CONNECT USER SA
DISCONNECT
/*C684*/SET SCHEMA PUBLIC
CONNECT USER SA
DISCONNECT
/*C685*/SET SCHEMA PUBLIC
CONNECT USER SA
DISCONNECT
/*C686*/SET SCHEMA PUBLIC
CONNECT USER SA
DISCONNECT
/*C687*/SET SCHEMA PUBLIC
CONNECT USER SA
DISCONNECT
45*/SET SCHEMA PUBLIC
CONNECT USER SA
DISCONNECT
/*C1046*/SET SCHEMA PUBLIC
CONNECT USER SA
DISCONNECT
/*C1047*/SET SCHEMA PUBLIC
CONNECT USER SA
DISCONNECT
/*C1048*/SET SCHEMA PUBLIC
CONNECT USER SA
DISCONNECT
/*C1049*/SET SCHEMA PUBLIC
CONNECT USER SA
DISCONNECT
/*C1050*/SET SCHEMA PUBLIC
CONNECT USER SA
DISCONNECT
/*C1051*/SET SCHEMA PUBLIC
CONNECT USER SA
DISCONNECT
/*C1052*/SET SCHEMA PUBLIC
CONNECT USER SA
DISCONNECT
/*C1053*/SET SCHEMA PUBLIC
CONNECT USER SA
DISCONNECT
/*C1054*/SET SCHEMA PUBLIC
CONNECT USER SA
DISCONNECT
/*C1055*/SET SCHEMA PUBLIC
CONNECT USER SA
DISCONNECT
/*C1056*/SET SCHEMA PUBLIC
CONNECT USER SA
DISCONNECT
/*C1057*/SET SCHEMA PUBLIC
CONNECT USER SA
DISCONNECT
/*C1058*/SET SCHEMA PUBLIC
CONNECT USER SA
DISCONNECT
/*C1059*/SET SCHEMA PUBLIC
CONNECT USER SA
DISCONNECT
/*C1060*/SET SCHEMA PUBLIC
CONNECT USER SA
DISCONNECT
/*C1061*/SET SCHEMA PUBLIC
CONNECT USER SA
DISCONNECT
/*C1062*/SET SCHEMA PUBLIC
CONNECT USER SA
DISCONNECT
/*C1063*/SET SCHEMA PUBLIC
CONNECT USER SA
DISCONNECT
/*C1064*/SET SCHEMA PUBLIC
CONNECT USER SA
DISCONNECT
/*C1065*/SET SCHEMA PUBLIC
CONNECT USER SA
DISCONNECT
/*C1066*/SET SCHEMA PUBLIC
CONNECT USER SA
DISCONNECT
/*C1067*/SET SCHEMA PUBLIC
CONNECT USER SA
DISCONNECT
/*C1068*/SET SCHEMA PUBLIC
CONNECT USER SA
DISCONNECT
/*C1069*/SET SCHEMA PUBLIC
CONNECT USER SA
DISCONNECT
/*C1070*/SET SCHEMA PUBLIC
CONNECT USER SA
DISCONNECT
/*C1071*/SET SCHEMA PUBLIC
CONNECT USER SA
DISCONNECT
/*C1072*/SET SCHEMA PUBLIC
CONNECT USER SA
DISCONNECT
/*C1073*/SET SCHEMA PUBLIC
CONNECT USER SA
DISCONNECT
/*C1074*/SET SCHEMA PUBLIC
CONNECT USER SA
DISCONNECT
/*C1075*/SET SCHEMA PUBLIC
CONNECT USER SA
DISCONNECT
/*C1076*/SET SCHEMA PUBLIC
CONNECT USER SA
DISCONNECT
/*C1077*/SET SCHEMA PUBLIC
CONNECT USER SA
DISCONNECT
/*C1078*/SET SCHEMA PUBLIC
CONNECT USER SA
DISCONNECT
/*C1079*/SET SCHEMA PUBLIC
CONNECT USER SA
DISCONNECT
/*C1080*/SET SCHEMA PUBLIC
CONNECT USER SA
DISCONNECT
/*C1081*/SET SCHEMA PUBLIC
CONNECT USER SA
DISCONNECT
/*C1082*/SET SCHEMA PUBLIC
CONNECT USER SA
DISCONNECT
/*C1083*/SET SCHEMA PUBLIC
CONNECT USER SA
DISCONNECT
/*C1084*/SET SCHEMA PUBLIC
CONNECT USER SA
DISCONNECT
/*C1085*/SET SCHEMA PUBLIC
CONNECT USER SA
DISCONNECT
/*C1086*/SET SCHEMA PUBLIC
CONNECT USER SA
DISCONNECT
/*C1087*/SET SCHEMA PUBLIC
CONNECT USER SA
DISCONNECT
/*C1088*/SET SCHEMA PUBLIC
CONNECT USER SA
DISCONNECT
/*C1089*/SET SCHEMA PUBLIC
CONNECT USER SA
DISCONNECT
/*C1090*/SET SCHEMA PUBLIC
CONNECT USER SA
DISCONNECT
/*C1091*/SET SCHEMA PUBLIC
CONNECT USER SA
DISCONNECT
/*C1092*/SET SCHEMA PUBLIC
CONNECT USER SA
DISCONNECT
/*C1093*/SET SCHEMA PUBLIC
CONNECT USER SA
DISCONNECT
/*C1094*/SET SCHEMA PUBLIC
CONNECT USER SA
DISCONNECT
/*C1095*/SET SCHEMA PUBLIC
CONNECT USER SA
DISCONNECT
/*C1096*/SET SCHEMA PUBLIC
CONNECT USER SA
DISCONNECT
/*C1097*/SET SCHEMA PUBLIC
CONNECT USER SA
DISCONNECT
/*C1098*/SET SCHEMA PUBLIC
CONNECT USER SA
DISCONNECT
/*C1099*/SET SCHEMA PUBLIC
CONNECT USER SA
DISCONNECT
/*C1100*/SET SCHEMA PUBLIC
CONNECT USER SA
DISCONNECT
/*C1101*/SET SCHEMA PUBLIC
CONNECT USER SA
DISCONNECT
/*C1102*/SET SCHEMA PUBLIC
CONNECT USER SA
DISCONNECT
/*C1103*/SET SCHEMA PUBLIC
CONNECT USER SA
DISCONNECT
/*C1104*/SET SCHEMA PUBLIC
CONNECT USER SA
DISCONNECT
/*C1105*/SET SCHEMA PUBLIC
CONNECT USER SA
DISCONNECT
/*C1106*/SET SCHEMA PUBLIC
CONNECT USER SA
DISCONNECT
/*C1107*/SET SCHEMA PUBLIC
CONNECT USER SA
DISCONNECT
/*C1108*/SET SCHEMA PUBLIC
CONNECT USER SA
DISCONNECT
/*C1109*/SET SCHEMA PUBLIC
CONNECT USER SA
DISCONNECT
/*C1110*/SET SCHEMA PUBLIC
CONNECT USER SA
DISCONNECT
/*C1111*/SET SCHEMA PUBLIC
CONNECT USER SA
DISCONNECT
/*C1112*/SET SCHEMA PUBLIC
CONNECT USER SA
DISCONNECT
/*C1113*/SET SCHEMA PUBLIC
CONNECT USER SA
DISCONNECT
/*C1114*/SET SCHEMA PUBLIC
CONNECT USER SA
DISCONNECT
/*C1115*/SET SCHEMA PUBLIC
CONNECT USER SA
DISCONNECT
/*C1116*/SET SCHEMA PUBLIC
CONNECT USER SA
DISCONNECT
/*C1117*/SET SCHEMA PUBLIC
CONNECT USER SA
DISCONNECT
/*C1118*/SET SCHEMA PUBLIC
CONNECT USER SA
DISCONNECT
/*C1119*/SET SCHEMA PUBLIC
CONNECT USER SA
DISCONNECT
/*C1120*/SET SCHEMA PUBLIC
CONNECT USER SA
DISCONNECT
/*C1121*/SET SCHEMA PUBLIC
CONNECT USER SA
DISCONNECT
/*C1122*/SET SCHEMA PUBLIC
CONNECT USER SA
DISCONNECT
/*C1123*/SET SCHEMA PUBLIC
CONNECT USER SA
DISCONNECT
/*C1124*/SET SCHEMA PUBLIC
CONNECT USER SA
DISCONNECT
/*C1125*/SET SCHEMA PUBLIC
CONNECT USER SA
DISCONNECT
/*C1126*/SET SCHEMA PUBLIC
CONNECT USER SA
DISCONNECT
/*C1127*/SET SCHEMA PUBLIC
CONNECT USER SA
DISCONNECT
/*C1128*/SET SCHEMA PUBLIC
CONNECT USER SA
DISCONNECT
/*C1129*/SET SCHEMA PUBLIC
CONNECT USER SA
DISCONNECT
/*C1130*/SET SCHEMA PUBLIC
CONNECT USER SA
DISCONNECT
/*C1131*/SET SCHEMA PUBLIC
CONNECT USER SA
DISCONNECT
/*C1132*/SET SCHEMA PUBLIC
CONNECT USER SA
DISCONNECT
/*C1133*/SET SCHEMA PUBLIC
CONNECT USER SA
DISCONNECT
/*C1134*/SET SCHEMA PUBLIC
CONNECT USER SA
DISCONNECT
/*C1135*/SET SCHEMA PUBLIC
CONNECT USER SA
DISCONNECT
/*C1136*/SET SCHEMA PUBLIC
CONNECT USER SA
DISCONNECT
/*C1137*/SET SCHEMA PUBLIC
CONNECT USER SA
DISCONNECT
/*C1138*/SET SCHEMA PUBLIC
CONNECT USER SA
DISCONNECT
/*C1139*/SET SCHEMA PUBLIC
CONNECT USER SA
DISCONNECT
/*C1140*/SET SCHEMA PUBLIC
CONNECT USER SA
DISCONNECT
/*C1141*/SET SCHEMA PUBLIC
CONNECT USER SA
DISCONNECT
/*C1142*/SET SCHEMA PUBLIC
CONNECT USER SA
DISCONNECT
/*C1143*/SET SCHEMA PUBLIC
CONNECT USER SA
DISCONNECT
/*C1144*/SET SCHEMA PUBLIC
CONNECT USER SA
DISCONNECT
/*C1145*/SET SCHEMA PUBLIC
CONNECT USER SA
DISCONNECT
/*C1146*/SET SCHEMA PUBLIC
CONNECT USER SA
DISCONNECT
/*C1147*/SET SCHEMA PUBLIC
CONNECT USER SA
DISCONNECT
/*C1148*/SET SCHEMA PUBLIC
CONNECT USER SA
DISCONNECT
/*C1149*/SET SCHEMA PUBLIC
CONNECT USER SA
DISCONNECT
/*C1150*/SET SCHEMA PUBLIC
CONNECT USER SA
DISCONNECT
/*C1151*/SET SCHEMA PUBLIC
CONNECT USER SA
DISCONNECT
/*C1152*/SET SCHEMA PUBLIC
CONNECT USER SA
DISCONNECT
/*C1153*/SET SCHEMA PUBLIC
CONNECT USER SA
DISCONNECT
/*C1154*/SET SCHEMA PUBLIC
CONNECT USER SA
DISCONNECT
/*C1155*/SET SCHEMA PUBLIC
CONNECT USER SA
DISCONNECT
/*C1156*/SET SCHEMA PUBLIC
CONNECT USER SA
DISCONNECT
/*C1157*/SET SCHEMA PUBLIC
CONNECT USER SA
DISCONNECT
/*C1158*/SET SCHEMA PUBLIC
CONNECT USER SA
DISCONNECT
/*C1159*/SET SCHEMA PUBLIC
CONNECT USER SA
DISCONNECT
/*C1160*/SET SCHEMA PUBLIC
CONNECT USER SA
DISCONNECT
/*C1161*/SET SCHEMA PUBLIC
CONNECT USER SA
DISCONNECT
/*C1162*/SET SCHEMA PUBLIC
CONNECT USER SA
DISCONNECT
/*C1163*/SET SCHEMA PUBLIC
CONNECT USER SA
DISCONNECT
/*C1164*/SET SCHEMA PUBLIC
CONNECT USER SA
DISCONNECT
/*C1165*/SET SCHEMA PUBLIC
CONNECT USER SA
DISCONNECT
/*C1166*/SET SCHEMA PUBLIC
CONNECT USER SA
DISCONNECT
/*C1167*/SET SCHEMA PUBLIC
CONNECT USER SA
DISCONNECT
/*C1168*/SET SCHEMA PUBLIC
CONNECT USER SA
DISCONNECT
/*C1169*/SET SCHEMA PUBLIC
CONNECT USER SA
DISCONNECT
/*C1170*/SET SCHEMA PUBLIC
CONNECT USER SA
DISCONNECT
/*C1171*/SET SCHEMA PUBLIC
CONNECT USER SA
DISCONNECT
/*C1172*/SET SCHEMA PUBLIC
CONNECT USER SA
DISCONNECT
/*C1173*/SET SCHEMA PUBLIC
CONNECT USER SA
DISCONNECT
/*C1174*/SET SCHEMA PUBLIC
CONNECT USER SA
DISCONNECT
/*C1175*/SET SCHEMA PUBLIC
CONNECT USER SA
DISCONNECT
/*C1176*/SET SCHEMA PUBLIC
CONNECT USER SA
DISCONNECT
/*C1177*/SET SCHEMA PUBLIC
CONNECT USER SA
DISCONNECT
/*C1178*/SET SCHEMA PUBLIC
CONNECT USER SA
DISCONNECT
/*C1179*/SET SCHEMA PUBLIC
CONNECT USER SA
DISCONNECT
/*C1180*/SET SCHEMA PUBLIC
CONNECT USER SA
DISCONNECT
/*C1181*/SET SCHEMA PUBLIC
CONNECT USER SA
DISCONNECT
/*C1182*/SET SCHEMA PUBLIC
CONNECT USER SA
DISCONNECT
/*C1183*/SET SCHEMA PUBLIC
CONNECT USER SA
DISCONNECT
/*C1184*/SET SCHEMA PUBLIC
CONNECT USER SA
DISCONNECT
/*C1185*/SET SCHEMA PUBLIC
CONNECT USER SA
DISCONNECT
/*C1186*/SET SCHEMA PUBLIC
CONNECT USER SA
DISCONNECT
/*C1187*/SET SCHEMA PUBLIC
CONNECT USER SA
DISCONNECT
/*C1188*/SET SCHEMA PUBLIC
CONNECT USER SA
DISCONNECT
/*C1189*/SET SCHEMA PUBLIC
CONNECT USER SA
DISCONNECT
/*C1190*/SET SCHEMA PUBLIC
CONNECT USER SA
DISCONNECT
/*C1191*/SET SCHEMA PUBLIC
CONNECT USER SA
DISCONNECT
/*C1192*/SET SCHEMA PUBLIC
CONNECT USER SA
DISCONNECT
/*C1193*/SET SCHEMA PUBLIC
CONNECT USER SA
DISCONNECT
/*C1194*/SET SCHEMA PUBLIC
CONNECT USER SA
DISCONNECT
/*C1195*/SET SCHEMA PUBLIC
CONNECT USER SA
DISCONNECT
/*C1196*/SET SCHEMA PUBLIC
CONNECT USER SA
DISCONNECT
/*C1197*/SET SCHEMA PUBLIC
CONNECT USER SA
DISCONNECT
/*C1198*/SET SCHEMA PUBLIC
CONNECT USER SA
DISCONNECT
/*C1199*/SET SCHEMA PUBLIC
CONNECT USER SA
DISCONNECT
/*C1200*/SET SCHEMA PUBLIC
CONNECT USER SA
DISCONNECT
/*C1201*/SET SCHEMA PUBLIC
CONNECT USER SA
DISCONNECT
/*C1202*/SET SCHEMA PUBLIC
CONNECT USER SA
DISCONNECT
/*C1203*/SET SCHEMA PUBLIC
CONNECT USER SA
DISCONNECT
/*C1204*/SET SCHEMA PUBLIC
CONNECT USER SA
DISCONNECT
/*C1205*/SET SCHEMA PUBLIC
CONNECT USER SA
DISCONNECT
/*C1206*/SET SCHEMA PUBLIC
CONNECT USER SA
DISCONNECT
/*C1207*/SET SCHEMA PUBLIC
CONNECT USER SA
DISCONNECT
/*C1208*/SET SCHEMA PUBLIC
CONNECT USER SA
DISCONNECT
/*C1209*/SET SCHEMA PUBLIC
CONNECT USER SA
DISCONNECT
/*C1210*/SET SCHEMA PUBLIC
CONNECT USER SA
DISCONNECT
/*C1211*/SET SCHEMA PUBLIC
CONNECT USER SA
DISCONNECT
/*C1212*/SET SCHEMA PUBLIC
CONNECT USER SA
DISCONNECT
/*C1213*/SET SCHEMA PUBLIC
CONNECT USER SA
DISCONNECT
/*C1214*/SET SCHEMA PUBLIC
CONNECT USER SA
DISCONNECT
/*C1215*/SET SCHEMA PUBLIC
CONNECT USER SA
DISCONNECT
/*C1216*/SET SCHEMA PUBLIC
CONNECT USER SA
DISCONNECT
/*C1217*/SET SCHEMA PUBLIC
CONNECT USER SA
DISCONNECT
/*C1218*/SET SCHEMA PUBLIC
CONNECT USER SA
DISCONNECT
/*C1219*/SET SCHEMA PUBLIC
CONNECT USER SA
DISCONNECT
/*C1220*/SET SCHEMA PUBLIC
CONNECT USER SA
DISCONNECT
/*C1221*/SET SCHEMA PUBLIC
CONNECT USER SA
DISCONNECT
/*C1222*/SET SCHEMA PUBLIC
CONNECT USER SA
DISCONNECT
/*C1223*/SET SCHEMA PUBLIC
CONNECT USER SA
DISCONNECT
/*C1224*/SET SCHEMA PUBLIC
CONNECT USER SA
DISCONNECT
/*C1225*/SET SCHEMA PUBLIC
CONNECT USER SA
DISCONNECT
/*C1226*/SET SCHEMA PUBLIC
CONNECT USER SA
DISCONNECT
/*C1227*/SET SCHEMA PUBLIC
CONNECT USER SA
DISCONNECT
/*C1228*/SET SCHEMA PUBLIC
CONNECT USER SA
DISCONNECT
/*C1229*/SET SCHEMA PUBLIC
CONNECT USER SA
DISCONNECT
/*C1230*/SET SCHEMA PUBLIC
CONNECT USER SA
DISCONNECT
/*C1231*/SET SCHEMA PUBLIC
CONNECT USER SA
DISCONNECT
/*C1232*/SET SCHEMA PUBLIC
CONNECT USER SA
DISCONNECT
/*C1233*/SET SCHEMA PUBLIC
CONNECT USER SA
DISCONNECT
/*C1234*/SET SCHEMA PUBLIC
CONNECT USER SA
DISCONNECT
/*C1235*/SET SCHEMA PUBLIC
CONNECT USER SA
DISCONNECT
/*C1236*/SET SCHEMA PUBLIC
CONNECT USER SA
DISCONNECT
/*C1237*/SET SCHEMA PUBLIC
CONNECT USER SA
DISCONNECT
/*C1238*/SET SCHEMA PUBLIC
CONNECT USER SA
DISCONNECT
/*C1239*/SET SCHEMA PUBLIC
CONNECT USER SA
DISCONNECT
/*C1240*/SET SCHEMA PUBLIC
CONNECT USER SA
DISCONNECT
/*C1241*/SET SCHEMA PUBLIC
CONNECT USER SA
DISCONNECT
